[12-Jun-2025 15:22:15 UTC] PHP Fatal error:  Uncaught Error: Call to undefined function the_field() in C:\Users\sampa\Local Sites\site2018\app\public\wp-content\themes\hera\index.php:135
Stack trace:
#0 C:\Users\sampa\Local Sites\site2018\app\public\wp-includes\template-loader.php(106): include()
#1 C:\Users\sampa\Local Sites\site2018\app\public\wp-blog-header.php(19): require_once('C:\\Users\\sampa\\...')
#2 C:\Users\sampa\Local Sites\site2018\app\public\index.php(17): require('C:\\Users\\sampa\\...')
#3 {main}
  thrown in C:\Users\sampa\Local Sites\site2018\app\public\wp-content\themes\hera\index.php on line 135
[12-Jun-2025 15:22:16 UTC] PHP Fatal error:  Uncaught Error: Call to undefined function the_field() in C:\Users\sampa\Local Sites\site2018\app\public\wp-content\themes\hera\index.php:135
Stack trace:
#0 C:\Users\sampa\Local Sites\site2018\app\public\wp-includes\template-loader.php(106): include()
#1 C:\Users\sampa\Local Sites\site2018\app\public\wp-blog-header.php(19): require_once('C:\\Users\\sampa\\...')
#2 C:\Users\sampa\Local Sites\site2018\app\public\index.php(17): require('C:\\Users\\sampa\\...')
#3 {main}
  thrown in C:\Users\sampa\Local Sites\site2018\app\public\wp-content\themes\hera\index.php on line 135
[12-Jun-2025 15:55:43 UTC] PHP Fatal error:  Uncaught Error: Call to undefined function the_field() in C:\Users\sampa\Local Sites\site2018\app\public\wp-content\themes\hera\index.php:10
Stack trace:
#0 C:\Users\sampa\Local Sites\site2018\app\public\wp-includes\template-loader.php(106): include()
#1 C:\Users\sampa\Local Sites\site2018\app\public\wp-blog-header.php(19): require_once('C:\\Users\\sampa\\...')
#2 C:\Users\sampa\Local Sites\site2018\app\public\index.php(17): require('C:\\Users\\sampa\\...')
#3 {main}
  thrown in C:\Users\sampa\Local Sites\site2018\app\public\wp-content\themes\hera\index.php on line 10
[12-Jun-2025 15:55:43 UTC] PHP Fatal error:  Uncaught Error: Call to undefined function the_field() in C:\Users\sampa\Local Sites\site2018\app\public\wp-content\themes\hera\index.php:10
Stack trace:
#0 C:\Users\sampa\Local Sites\site2018\app\public\wp-includes\template-loader.php(106): include()
#1 C:\Users\sampa\Local Sites\site2018\app\public\wp-blog-header.php(19): require_once('C:\\Users\\sampa\\...')
#2 C:\Users\sampa\Local Sites\site2018\app\public\index.php(17): require('C:\\Users\\sampa\\...')
#3 {main}
  thrown in C:\Users\sampa\Local Sites\site2018\app\public\wp-content\themes\hera\index.php on line 10
[16-Jun-2025 17:00:31 UTC] PHP Warning:  file_get_contents(http://site2018.local/wp-content/uploads/2017/12/boslan.png): failed to open stream: HTTP request failed! in C:\Users\sampa\Local Sites\site2018\app\public\wp-includes\class-wp-image-editor-imagick.php on line 156
[16-Jun-2025 17:00:31 UTC] PHP Warning:  file_get_contents(http://site2018.local/wp-content/uploads/2017/12/boslan.png): failed to open stream: HTTP request failed! in C:\Users\sampa\Local Sites\site2018\app\public\wp-includes\class-wp-image-editor-imagick.php on line 156
